<?xml version="1.0" encoding="UTF-8"?>
<!-- Generated by org.testng.reporters.JUnitReportReporter -->
<testsuite hostname="LAPTOP-VM4BS85A" failures="0" tests="1" name="test.Tc10_CheckOutAndPayment" time="63.471" errors="0" timestamp="2024-11-29T07:02:53 IST" skipped="0">
  <testcase classname="test.Tc10_CheckOutAndPayment" name="checkOut" time="63.471"/>
</testsuite> <!-- test.Tc10_CheckOutAndPayment -->
