<?xml version="1.0" encoding="UTF-8"?>
<!-- Generated by org.testng.reporters.JUnitReportReporter -->
<testsuite hostname="LAPTOP-VM4BS85A" failures="0" tests="1" name="test.Tc7_SearchItemToCart" time="23.055" errors="0" timestamp="2024-11-28T21:24:57 IST" skipped="0">
  <testcase classname="test.Tc7_SearchItemToCart" name="searchAddToCart" time="23.055"/>
</testsuite> <!-- test.Tc7_SearchItemToCart -->
