<?xml version="1.0" encoding="UTF-8"?>
<!-- Generated by org.testng.reporters.JUnitReportReporter -->
<testsuite hostname="LAPTOP-VM4BS85A" failures="0" tests="1" name="test.Tc1_navigatetobestbuy" time="0.788" errors="0" timestamp="2024-11-29T23:29:14 IST" skipped="0">
  <testcase classname="test.Tc1_navigatetobestbuy" name="navigate" time="0.788"/>
</testsuite> <!-- test.Tc1_navigatetobestbuy -->
