<?xml version="1.0" encoding="UTF-8"?>
<!-- Generated by org.testng.reporters.JUnitReportReporter -->
<testsuite hostname="LAPTOP-VM4BS85A" failures="0" tests="1" name="test.Tc8_ShopByDepartment" time="28.512" errors="0" timestamp="2024-11-28T21:44:57 IST" skipped="0">
  <testcase classname="test.Tc8_ShopByDepartment" name="selectShopByDepartment" time="28.512"/>
</testsuite> <!-- test.Tc8_ShopByDepartment -->
