<?xml version="1.0" encoding="UTF-8"?>
<!-- Generated by org.testng.reporters.JUnitReportReporter -->
<testsuite hostname="LAPTOP-VM4BS85A" failures="0" tests="1" name="test.Tc9_ShopByBrand" time="24.632" errors="0" timestamp="2024-11-28T21:52:28 IST" skipped="0">
  <testcase classname="test.Tc9_ShopByBrand" name="selectShopByBrand" time="24.632"/>
</testsuite> <!-- test.Tc9_ShopByBrand -->
