<?xml version="1.0" encoding="UTF-8"?>
<!-- Generated by org.testng.reporters.JUnitReportReporter -->
<testsuite hostname="LAPTOP-VM4BS85A" failures="0" tests="1" name="test.Tc6_ValidateBottom" time="10.473" errors="0" timestamp="2024-11-28T21:02:30 IST" skipped="0">
  <testcase classname="test.Tc6_ValidateBottom" name="bottomLinkTest" time="10.473"/>
</testsuite> <!-- test.Tc6_ValidateBottom -->
