<?xml version="1.0" encoding="UTF-8"?>
<!-- Generated by org.testng.reporters.JUnitReportReporter -->
<testsuite hostname="LAPTOP-VM4BS85A" failures="0" tests="1" name="test.Tc2_validate" time="11.155" errors="0" timestamp="2024-11-29T23:29:14 IST" skipped="0">
  <testcase classname="test.Tc2_validate" name="validateUrl" time="11.155"/>
</testsuite> <!-- test.Tc2_validate -->
