<?xml version="1.0" encoding="UTF-8"?>
<!-- Generated by org.testng.reporters.JUnitReportReporter -->
<testsuite hostname="LAPTOP-VM4BS85A" failures="0" tests="1" name="test.TC4_signUp" time="12.036" errors="0" timestamp="2024-11-28T07:30:02 IST" skipped="0">
  <testcase classname="test.TC4_signUp" name="signUpData" time="12.036"/>
</testsuite> <!-- test.TC4_signUp -->
